<?xml version="1.0" encoding="UTF-8"?>
<testng-results ignored="0" total="2" passed="2" failed="0" skipped="0">
  <reporter-output>
  </reporter-output>
  <suite started-at="2023-04-29T10:11:23 IST" name="Default suite" finished-at="2023-04-29T10:15:10 IST" duration-ms="226550">
    <groups>
    </groups>
    <test started-at="2023-04-29T10:11:23 IST" name="Default test" finished-at="2023-04-29T10:15:10 IST" duration-ms="226550">
      <class name="com.qa.selenium.Firstanimation.LoginTest">
        <test-method is-config="true" signature="UpServer()[pri:0, instance:com.qa.selenium.Firstanimation.LoginTest@7efaad5a]" started-at="2023-04-29T10:11:23 IST" name="UpServer" finished-at="2023-04-29T10:11:23 IST" duration-ms="29" status="PASS">
          <reporter-output>
          </reporter-output>
        </test-method> <!-- UpServer -->
        <test-method is-config="true" signature="OpenApplication()[pri:0, instance:com.qa.selenium.Firstanimation.LoginTest@7efaad5a]" started-at="2023-04-29T10:11:23 IST" name="OpenApplication" finished-at="2023-04-29T10:12:20 IST" duration-ms="56458" status="PASS">
          <reporter-output>
          </reporter-output>
        </test-method> <!-- OpenApplication -->
        <test-method signature="HelloSigninLaunch()[pri:0, instance:com.qa.selenium.Firstanimation.LoginTest@7efaad5a]" started-at="2023-04-29T10:12:21 IST" name="HelloSigninLaunch" finished-at="2023-04-29T10:14:03 IST" duration-ms="101886" status="PASS">
          <reporter-output>
          </reporter-output>
        </test-method> <!-- HelloSigninLaunch -->
        <test-method is-config="true" signature="CloseApp()[pri:0, instance:com.qa.selenium.Firstanimation.LoginTest@7efaad5a]" started-at="2023-04-29T10:14:03 IST" name="CloseApp" finished-at="2023-04-29T10:14:03 IST" duration-ms="444" status="PASS">
          <reporter-output>
          </reporter-output>
        </test-method> <!-- CloseApp -->
        <test-method is-config="true" signature="OpenApplication()[pri:0, instance:com.qa.selenium.Firstanimation.LoginTest@7efaad5a]" started-at="2023-04-29T10:14:03 IST" name="OpenApplication" finished-at="2023-04-29T10:14:55 IST" duration-ms="51735" status="PASS">
          <reporter-output>
          </reporter-output>
        </test-method> <!-- OpenApplication -->
        <test-method signature="LaunchingMobile()[pri:0, instance:com.qa.selenium.Firstanimation.LoginTest@7efaad5a]" started-at="2023-04-29T10:14:56 IST" name="LaunchingMobile" finished-at="2023-04-29T10:15:09 IST" duration-ms="13681" status="PASS">
          <reporter-output>
          </reporter-output>
        </test-method> <!-- LaunchingMobile -->
        <test-method is-config="true" signature="CloseApp()[pri:0, instance:com.qa.selenium.Firstanimation.LoginTest@7efaad5a]" started-at="2023-04-29T10:15:09 IST" name="CloseApp" finished-at="2023-04-29T10:15:10 IST" duration-ms="448" status="PASS">
          <reporter-output>
          </reporter-output>
        </test-method> <!-- CloseApp -->
        <test-method is-config="true" signature="DownServer()[pri:0, instance:com.qa.selenium.Firstanimation.LoginTest@7efaad5a]" started-at="2023-04-29T10:15:10 IST" name="DownServer" finished-at="2023-04-29T10:15:10 IST" duration-ms="0" status="PASS">
          <reporter-output>
          </reporter-output>
        </test-method> <!-- DownServer -->
      </class> <!-- com.qa.selenium.Firstanimation.LoginTest -->
    </test> <!-- Default test -->
  </suite> <!-- Default suite -->
</testng-results>
