<?xml version="1.0" encoding="UTF-8"?>
<!-- Generated by org.testng.reporters.JUnitXMLReporter -->
<testsuite ignored="0" hostname="DESKTOP-6HBH3D4" failures="0" tests="2" name="Default test" time="226.55" errors="0" timestamp="2023-04-29T10:15:10 IST">
  <testcase classname="com.qa.selenium.Firstanimation.LoginTest" name="HelloSigninLaunch" time="101.886"/>
  <testcase classname="com.qa.selenium.Firstanimation.LoginTest" name="LaunchingMobile" time="13.681"/>
</testsuite> <!-- Default test -->
